<?xml version="1.0" encoding="UTF-8"?>
<!-- Generated by org.testng.reporters.JUnitReportReporter -->
<testsuite hostname="EPBYMINW2459" name="com.epam.wt.entity.NoteBookTest" tests="1" failures="0" timestamp="5 Mar 2015 08:14:53 GMT" time="0.001" errors="0">
  <testcase name="simpleNoteBookTest" time="0.001" classname="com.epam.wt.entity.NoteBookTest"/>
</testsuite> <!-- com.epam.wt.entity.NoteBookTest -->
