<?xml version="1.0" encoding="UTF-8"?>
<!-- Generated by org.testng.reporters.JUnitReportReporter -->
<testsuite hostname="EPBYMINW2459" name="com.epam.wt.entity.DaoTest" tests="1" failures="0" timestamp="5 Mar 2015 08:15:17 GMT" time="0.060" errors="0">
  <testcase name="daoTest" time="0.060" classname="com.epam.wt.entity.DaoTest"/>
</testsuite> <!-- com.epam.wt.entity.DaoTest -->
