<?xml version="1.0" encoding="UTF-8"?>
<!-- Generated by org.testng.reporters.JUnitReportReporter -->
<testsuite hostname="EPBYMINW2459" name="com.epam.wt.entity.NoteTest" tests="2" failures="0" timestamp="5 Mar 2015 08:14:53 GMT" time="0.006" errors="0">
  <testcase name="simpleNoteTest" time="0.004" classname="com.epam.wt.entity.NoteTest"/>
  <testcase name="equalityTest" time="0.002" classname="com.epam.wt.entity.NoteTest"/>
</testsuite> <!-- com.epam.wt.entity.NoteTest -->
