<?xml version="1.0" encoding="UTF-8"?>
<!-- Generated by org.testng.reporters.JUnitReportReporter -->
<testsuite hostname="EPBYMINW2459" name="com.epam.wt.entity.CommandTest" tests="1" failures="0" timestamp="31 Mar 2015 14:25:36 GMT" time="0.039" errors="0">
  <testcase name="commandTest" time="0.039" classname="com.epam.wt.entity.CommandTest"/>
</testsuite> <!-- com.epam.wt.entity.CommandTest -->
